<?xml version="1.0" encoding="UTF-8" ?>
<databaseChangeLog xmlns="http://www.liquibase.org/xml/ns/dbchangelog"
                   xmlns:xsi="http://www.w3.org/2001/XMLSchema-instance"
                   xsi:schemaLocation="http://www.liquibase.org/xml/ns/dbchangelog http://www.liquibase.org/xml/ns/dbchangelog/dbchangelog-3.1.xsd">

    <changeSet id="0001_create_sample_table" author="bob">
        <createTable tableName="sample_table">
            <column name="id" type="bigint" autoIncrement="true">
                <constraints primaryKey="true" nullable="false"/>
            </column>
            <column name="col_1" type="text"/>
            <column name="col_2" type="text"/>
        </createTable>
    </changeSet>

    <changeSet id="0002_create_another_table" author="alice">
        <createTable tableName="another_table">
            <column name="id" type="bigint" autoIncrement="true">
                <constraints primaryKey="true" nullable="false"/>
            </column>
            <column name="another_col_1" type="text"/>
            <column name="another_col_2" type="integer"/>
        </createTable>
    </changeSet>
</databaseChangeLog>
